  main.cpp
C:\1Programowanie\C++ Projects\semestr4\GFK\lab02\lab02\main.cpp(128,108): warning C4244: "argument": konwersja z "float" do "sf::Uint8", możliwa utrata danych
C:\1Programowanie\C++ Projects\semestr4\GFK\lab02\lab02\main.cpp(128,77): warning C4244: "argument": konwersja z "float" do "sf::Uint8", możliwa utrata danych
C:\1Programowanie\C++ Projects\semestr4\GFK\lab02\lab02\main.cpp(128,47): warning C4244: "argument": konwersja z "float" do "sf::Uint8", możliwa utrata danych
C:\1Programowanie\C++ Projects\semestr4\GFK\lab02\lab02\main.cpp(144,110): warning C4244: "argument": konwersja z "float" do "sf::Uint8", możliwa utrata danych
C:\1Programowanie\C++ Projects\semestr4\GFK\lab02\lab02\main.cpp(144,92): warning C4244: "argument": konwersja z "float" do "sf::Uint8", możliwa utrata danych
C:\1Programowanie\C++ Projects\semestr4\GFK\lab02\lab02\main.cpp(144,61): warning C4244: "argument": konwersja z "float" do "sf::Uint8", możliwa utrata danych
C:\1Programowanie\C++ Projects\semestr4\GFK\lab02\lab02\main.cpp(160,122): warning C4244: "argument": konwersja z "float" do "sf::Uint8", możliwa utrata danych
C:\1Programowanie\C++ Projects\semestr4\GFK\lab02\lab02\main.cpp(160,85): warning C4244: "argument": konwersja z "float" do "sf::Uint8", możliwa utrata danych
C:\1Programowanie\C++ Projects\semestr4\GFK\lab02\lab02\main.cpp(160,67): warning C4244: "argument": konwersja z "float" do "sf::Uint8", możliwa utrata danych
C:\1Programowanie\C++ Projects\semestr4\GFK\lab02\lab02\main.cpp(310,52): warning C4244: "argument": konwersja z "float" do "sf::Uint8", możliwa utrata danych
C:\1Programowanie\C++ Projects\semestr4\GFK\lab02\lab02\main.cpp(311,50): warning C4244: "argument": konwersja z "float" do "sf::Uint8", możliwa utrata danych
C:\1Programowanie\C++ Projects\semestr4\GFK\lab02\lab02\main.cpp(312,48): warning C4244: "argument": konwersja z "float" do "sf::Uint8", możliwa utrata danych
C:\1Programowanie\C++ Projects\semestr4\GFK\lab02\lab02\main.cpp(313,50): warning C4244: "argument": konwersja z "float" do "sf::Uint8", możliwa utrata danych
C:\1Programowanie\C++ Projects\semestr4\GFK\lab02\lab02\main.cpp(314,52): warning C4244: "argument": konwersja z "float" do "sf::Uint8", możliwa utrata danych
C:\1Programowanie\C++ Projects\semestr4\GFK\lab02\lab02\main.cpp(315,48): warning C4244: "argument": konwersja z "float" do "sf::Uint8", możliwa utrata danych
C:\1Programowanie\C++ Projects\semestr4\GFK\lab02\lab02\main.cpp(316,52): warning C4244: "argument": konwersja z "float" do "sf::Uint8", możliwa utrata danych
C:\1Programowanie\C++ Projects\semestr4\GFK\lab02\lab02\main.cpp(317,50): warning C4244: "argument": konwersja z "float" do "sf::Uint8", możliwa utrata danych
C:\1Programowanie\C++ Projects\semestr4\GFK\lab02\lab02\main.cpp(318,48): warning C4244: "argument": konwersja z "float" do "sf::Uint8", możliwa utrata danych
C:\1Programowanie\C++ Projects\semestr4\GFK\lab02\lab02\main.cpp(319,50): warning C4244: "argument": konwersja z "float" do "sf::Uint8", możliwa utrata danych
C:\1Programowanie\C++ Projects\semestr4\GFK\lab02\lab02\main.cpp(320,53): warning C4244: "argument": konwersja z "float" do "sf::Uint8", możliwa utrata danych
C:\1Programowanie\C++ Projects\semestr4\GFK\lab02\lab02\main.cpp(321,49): warning C4244: "argument": konwersja z "float" do "sf::Uint8", możliwa utrata danych
C:\1Programowanie\C++ Projects\semestr4\GFK\lab02\lab02\main.cpp(322,53): warning C4244: "argument": konwersja z "float" do "sf::Uint8", możliwa utrata danych
C:\1Programowanie\C++ Projects\semestr4\GFK\lab02\lab02\main.cpp(323,51): warning C4244: "argument": konwersja z "float" do "sf::Uint8", możliwa utrata danych
C:\1Programowanie\C++ Projects\semestr4\GFK\lab02\lab02\main.cpp(324,49): warning C4244: "argument": konwersja z "float" do "sf::Uint8", możliwa utrata danych
C:\1Programowanie\C++ Projects\semestr4\GFK\lab02\lab02\main.cpp(325,51): warning C4244: "argument": konwersja z "float" do "sf::Uint8", możliwa utrata danych
C:\1Programowanie\C++ Projects\semestr4\GFK\lab02\lab02\main.cpp(326,53): warning C4244: "argument": konwersja z "float" do "sf::Uint8", możliwa utrata danych
C:\1Programowanie\C++ Projects\semestr4\GFK\lab02\lab02\main.cpp(327,49): warning C4244: "argument": konwersja z "float" do "sf::Uint8", możliwa utrata danych
C:\1Programowanie\C++ Projects\semestr4\GFK\lab02\lab02\main.cpp(352,19): warning C4244: "return": konwersja z "double" do "float", możliwa utrata danych
C:\1Programowanie\C++ Projects\semestr4\GFK\lab02\lab02\main.cpp(358,46): warning C4244: "argument": konwersja z "float" do "sf::Uint8", możliwa utrata danych
C:\1Programowanie\C++ Projects\semestr4\GFK\lab02\lab02\main.cpp(358,37): warning C4244: "argument": konwersja z "float" do "sf::Uint8", możliwa utrata danych
C:\1Programowanie\C++ Projects\semestr4\GFK\lab02\lab02\main.cpp(358,28): warning C4244: "argument": konwersja z "float" do "sf::Uint8", możliwa utrata danych
C:\1Programowanie\C++ Projects\semestr4\GFK\lab02\lab02\main.cpp(369,56): warning C4244: "argument": konwersja z "double" do "float", możliwa utrata danych
C:\1Programowanie\C++ Projects\semestr4\GFK\lab02\lab02\main.cpp(369,134): warning C4244: "argument": konwersja z "double" do "float", możliwa utrata danych
C:\1Programowanie\C++ Projects\semestr4\GFK\lab02\lab02\main.cpp(369,108): warning C4244: "argument": konwersja z "float" do "sf::Uint8", możliwa utrata danych
C:\1Programowanie\C++ Projects\semestr4\GFK\lab02\lab02\main.cpp(369,76): warning C4244: "argument": konwersja z "float" do "sf::Uint8", możliwa utrata danych
C:\1Programowanie\C++ Projects\semestr4\GFK\lab02\lab02\main.cpp(369,30): warning C4244: "argument": konwersja z "float" do "sf::Uint8", możliwa utrata danych
C:\1Programowanie\C++ Projects\semestr4\GFK\lab02\lab02\main.cpp(460,46): warning C4244: "argument": konwersja z "float" do "sf::Uint8", możliwa utrata danych
C:\1Programowanie\C++ Projects\semestr4\GFK\lab02\lab02\main.cpp(460,37): warning C4244: "argument": konwersja z "float" do "sf::Uint8", możliwa utrata danych
C:\1Programowanie\C++ Projects\semestr4\GFK\lab02\lab02\main.cpp(460,28): warning C4244: "argument": konwersja z "float" do "sf::Uint8", możliwa utrata danych
C:\1Programowanie\C++ Projects\semestr4\GFK\lab02\lab02\main.cpp(502,58): warning C4244: "argument": konwersja z "float" do "sf::Uint8", możliwa utrata danych
C:\1Programowanie\C++ Projects\semestr4\GFK\lab02\lab02\main.cpp(502,45): warning C4244: "argument": konwersja z "float" do "sf::Uint8", możliwa utrata danych
C:\1Programowanie\C++ Projects\semestr4\GFK\lab02\lab02\main.cpp(502,32): warning C4244: "argument": konwersja z "float" do "sf::Uint8", możliwa utrata danych
C:\1Programowanie\C++ Projects\semestr4\GFK\lab02\lab02\main.cpp(618,58): warning C4244: "argument": konwersja z "T" do "T", możliwa utrata danych
          with
          [
              T=unsigned int
          ]
          and
          [
              T=float
          ]
C:\1Programowanie\C++ Projects\semestr4\GFK\lab02\lab02\main.cpp(619,58): warning C4244: "argument": konwersja z "T" do "T", możliwa utrata danych
          with
          [
              T=unsigned int
          ]
          and
          [
              T=float
          ]
C:\1Programowanie\C++ Projects\semestr4\GFK\lab02\lab02\main.cpp(620,83): warning C4244: "argument": konwersja z "T" do "T", możliwa utrata danych
          with
          [
              T=unsigned int
          ]
          and
          [
              T=float
          ]
C:\1Programowanie\C++ Projects\semestr4\GFK\lab02\lab02\main.cpp(620,58): warning C4244: "argument": konwersja z "T" do "T", możliwa utrata danych
          with
          [
              T=unsigned int
          ]
          and
          [
              T=float
          ]
C:\1Programowanie\C++ Projects\semestr4\GFK\lab02\lab02\main.cpp(621,84): warning C4244: "argument": konwersja z "T" do "T", możliwa utrata danych
          with
          [
              T=unsigned int
          ]
          and
          [
              T=float
          ]
C:\1Programowanie\C++ Projects\semestr4\GFK\lab02\lab02\main.cpp(621,58): warning C4244: "argument": konwersja z "T" do "T", możliwa utrata danych
          with
          [
              T=unsigned int
          ]
          and
          [
              T=float
          ]
  lab02.vcxproj -> C:\1Programowanie\C++ Projects\semestr4\GFK\lab02\x64\Debug\lab02.exe
