  main.cpp
C:\1Programowanie\C++ Projects\semestr4\GFK\lab02\lab02\main.cpp(104,59): warning C4244: "argument": konwersja z "float" do "sf::Uint8", możliwa utrata danych
C:\1Programowanie\C++ Projects\semestr4\GFK\lab02\lab02\main.cpp(105,78): warning C4244: "argument": konwersja z "float" do "sf::Uint8", możliwa utrata danych
C:\1Programowanie\C++ Projects\semestr4\GFK\lab02\lab02\main.cpp(105,60): warning C4244: "argument": konwersja z "float" do "sf::Uint8", możliwa utrata danych
C:\1Programowanie\C++ Projects\semestr4\GFK\lab02\lab02\main.cpp(106,98): warning C4244: "argument": konwersja z "float" do "sf::Uint8", możliwa utrata danych
C:\1Programowanie\C++ Projects\semestr4\GFK\lab02\lab02\main.cpp(106,80): warning C4244: "argument": konwersja z "float" do "sf::Uint8", możliwa utrata danych
C:\1Programowanie\C++ Projects\semestr4\GFK\lab02\lab02\main.cpp(106,62): warning C4244: "argument": konwersja z "float" do "sf::Uint8", możliwa utrata danych
C:\1Programowanie\C++ Projects\semestr4\GFK\lab02\lab02\main.cpp(107,81): warning C4244: "argument": konwersja z "float" do "sf::Uint8", możliwa utrata danych
C:\1Programowanie\C++ Projects\semestr4\GFK\lab02\lab02\main.cpp(107,60): warning C4244: "argument": konwersja z "float" do "sf::Uint8", możliwa utrata danych
C:\1Programowanie\C++ Projects\semestr4\GFK\lab02\lab02\main.cpp(109,78): warning C4244: "argument": konwersja z "float" do "sf::Uint8", możliwa utrata danych
C:\1Programowanie\C++ Projects\semestr4\GFK\lab02\lab02\main.cpp(109,60): warning C4244: "argument": konwersja z "float" do "sf::Uint8", możliwa utrata danych
C:\1Programowanie\C++ Projects\semestr4\GFK\lab02\lab02\main.cpp(110,63): warning C4244: "argument": konwersja z "float" do "sf::Uint8", możliwa utrata danych
C:\1Programowanie\C++ Projects\semestr4\GFK\lab02\lab02\main.cpp(111,81): warning C4244: "argument": konwersja z "float" do "sf::Uint8", możliwa utrata danych
C:\1Programowanie\C++ Projects\semestr4\GFK\lab02\lab02\main.cpp(111,63): warning C4244: "argument": konwersja z "float" do "sf::Uint8", możliwa utrata danych
C:\1Programowanie\C++ Projects\semestr4\GFK\lab02\lab02\main.cpp(112,98): warning C4244: "argument": konwersja z "float" do "sf::Uint8", możliwa utrata danych
C:\1Programowanie\C++ Projects\semestr4\GFK\lab02\lab02\main.cpp(112,80): warning C4244: "argument": konwersja z "float" do "sf::Uint8", możliwa utrata danych
C:\1Programowanie\C++ Projects\semestr4\GFK\lab02\lab02\main.cpp(112,62): warning C4244: "argument": konwersja z "float" do "sf::Uint8", możliwa utrata danych
C:\1Programowanie\C++ Projects\semestr4\GFK\lab02\lab02\main.cpp(114,81): warning C4244: "argument": konwersja z "float" do "sf::Uint8", możliwa utrata danych
C:\1Programowanie\C++ Projects\semestr4\GFK\lab02\lab02\main.cpp(114,63): warning C4244: "argument": konwersja z "float" do "sf::Uint8", możliwa utrata danych
C:\1Programowanie\C++ Projects\semestr4\GFK\lab02\lab02\main.cpp(115,66): warning C4244: "argument": konwersja z "float" do "sf::Uint8", możliwa utrata danych
C:\1Programowanie\C++ Projects\semestr4\GFK\lab02\lab02\main.cpp(116,83): warning C4244: "argument": konwersja z "float" do "sf::Uint8", możliwa utrata danych
C:\1Programowanie\C++ Projects\semestr4\GFK\lab02\lab02\main.cpp(116,62): warning C4244: "argument": konwersja z "float" do "sf::Uint8", możliwa utrata danych
C:\1Programowanie\C++ Projects\semestr4\GFK\lab02\lab02\main.cpp(117,100): warning C4244: "argument": konwersja z "float" do "sf::Uint8", możliwa utrata danych
C:\1Programowanie\C++ Projects\semestr4\GFK\lab02\lab02\main.cpp(117,82): warning C4244: "argument": konwersja z "float" do "sf::Uint8", możliwa utrata danych
C:\1Programowanie\C++ Projects\semestr4\GFK\lab02\lab02\main.cpp(117,64): warning C4244: "argument": konwersja z "float" do "sf::Uint8", możliwa utrata danych
C:\1Programowanie\C++ Projects\semestr4\GFK\lab02\lab02\main.cpp(149,72): warning C4244: "argument": konwersja z "float" do "sf::Uint8", możliwa utrata danych
C:\1Programowanie\C++ Projects\semestr4\GFK\lab02\lab02\main.cpp(150,70): warning C4244: "argument": konwersja z "float" do "sf::Uint8", możliwa utrata danych
C:\1Programowanie\C++ Projects\semestr4\GFK\lab02\lab02\main.cpp(151,70): warning C4244: "argument": konwersja z "float" do "sf::Uint8", możliwa utrata danych
C:\1Programowanie\C++ Projects\semestr4\GFK\lab02\lab02\main.cpp(152,70): warning C4244: "argument": konwersja z "float" do "sf::Uint8", możliwa utrata danych
C:\1Programowanie\C++ Projects\semestr4\GFK\lab02\lab02\main.cpp(154,71): warning C4244: "argument": konwersja z "float" do "sf::Uint8", możliwa utrata danych
C:\1Programowanie\C++ Projects\semestr4\GFK\lab02\lab02\main.cpp(155,73): warning C4244: "argument": konwersja z "float" do "sf::Uint8", możliwa utrata danych
C:\1Programowanie\C++ Projects\semestr4\GFK\lab02\lab02\main.cpp(156,71): warning C4244: "argument": konwersja z "float" do "sf::Uint8", możliwa utrata danych
C:\1Programowanie\C++ Projects\semestr4\GFK\lab02\lab02\main.cpp(157,71): warning C4244: "argument": konwersja z "float" do "sf::Uint8", możliwa utrata danych
C:\1Programowanie\C++ Projects\semestr4\GFK\lab02\lab02\main.cpp(159,71): warning C4244: "argument": konwersja z "float" do "sf::Uint8", możliwa utrata danych
C:\1Programowanie\C++ Projects\semestr4\GFK\lab02\lab02\main.cpp(160,73): warning C4244: "argument": konwersja z "float" do "sf::Uint8", możliwa utrata danych
C:\1Programowanie\C++ Projects\semestr4\GFK\lab02\lab02\main.cpp(161,73): warning C4244: "argument": konwersja z "float" do "sf::Uint8", możliwa utrata danych
C:\1Programowanie\C++ Projects\semestr4\GFK\lab02\lab02\main.cpp(162,73): warning C4244: "argument": konwersja z "float" do "sf::Uint8", możliwa utrata danych
C:\1Programowanie\C++ Projects\semestr4\GFK\lab02\lab02\main.cpp(192,19): warning C4244: "return": konwersja z "double" do "float", możliwa utrata danych
C:\1Programowanie\C++ Projects\semestr4\GFK\lab02\lab02\main.cpp(199,46): warning C4244: "argument": konwersja z "float" do "sf::Uint8", możliwa utrata danych
C:\1Programowanie\C++ Projects\semestr4\GFK\lab02\lab02\main.cpp(199,37): warning C4244: "argument": konwersja z "float" do "sf::Uint8", możliwa utrata danych
C:\1Programowanie\C++ Projects\semestr4\GFK\lab02\lab02\main.cpp(199,28): warning C4244: "argument": konwersja z "float" do "sf::Uint8", możliwa utrata danych
C:\1Programowanie\C++ Projects\semestr4\GFK\lab02\lab02\main.cpp(213,38): warning C4244: "argument": konwersja z "double" do "float", możliwa utrata danych
C:\1Programowanie\C++ Projects\semestr4\GFK\lab02\lab02\main.cpp(213,15): warning C4244: "inicjowanie": konwersja z "float" do "int", możliwa utrata danych
C:\1Programowanie\C++ Projects\semestr4\GFK\lab02\lab02\main.cpp(214,15): warning C4244: "inicjowanie": konwersja z "float" do "int", możliwa utrata danych
C:\1Programowanie\C++ Projects\semestr4\GFK\lab02\lab02\main.cpp(215,38): warning C4244: "argument": konwersja z "double" do "float", możliwa utrata danych
C:\1Programowanie\C++ Projects\semestr4\GFK\lab02\lab02\main.cpp(215,15): warning C4244: "inicjowanie": konwersja z "float" do "int", możliwa utrata danych
C:\1Programowanie\C++ Projects\semestr4\GFK\lab02\lab02\main.cpp(237,19): warning C4244: "inicjowanie": konwersja z "T" do "int", możliwa utrata danych
          with
          [
              T=float
          ]
C:\1Programowanie\C++ Projects\semestr4\GFK\lab02\lab02\main.cpp(238,22): warning C4244: "inicjowanie": konwersja z "float" do "int", możliwa utrata danych
C:\1Programowanie\C++ Projects\semestr4\GFK\lab02\lab02\main.cpp(298,46): warning C4244: "argument": konwersja z "float" do "sf::Uint8", możliwa utrata danych
C:\1Programowanie\C++ Projects\semestr4\GFK\lab02\lab02\main.cpp(298,37): warning C4244: "argument": konwersja z "float" do "sf::Uint8", możliwa utrata danych
C:\1Programowanie\C++ Projects\semestr4\GFK\lab02\lab02\main.cpp(298,28): warning C4244: "argument": konwersja z "float" do "sf::Uint8", możliwa utrata danych
C:\1Programowanie\C++ Projects\semestr4\GFK\lab02\lab02\main.cpp(307,16): warning C4244: "inicjowanie": konwersja z "float" do "int", możliwa utrata danych
C:\1Programowanie\C++ Projects\semestr4\GFK\lab02\lab02\main.cpp(348,46): warning C4244: "argument": konwersja z "float" do "sf::Uint8", możliwa utrata danych
C:\1Programowanie\C++ Projects\semestr4\GFK\lab02\lab02\main.cpp(348,37): warning C4244: "argument": konwersja z "float" do "sf::Uint8", możliwa utrata danych
C:\1Programowanie\C++ Projects\semestr4\GFK\lab02\lab02\main.cpp(348,28): warning C4244: "argument": konwersja z "float" do "sf::Uint8", możliwa utrata danych
C:\1Programowanie\C++ Projects\semestr4\GFK\lab02\lab02\main.cpp(367,19): warning C4244: "inicjowanie": konwersja z "T" do "int", możliwa utrata danych
          with
          [
              T=float
          ]
C:\1Programowanie\C++ Projects\semestr4\GFK\lab02\lab02\main.cpp(439,64): warning C4244: "argument": konwersja z "T" do "float", możliwa utrata danych
          with
          [
              T=unsigned int
          ]
C:\1Programowanie\C++ Projects\semestr4\GFK\lab02\lab02\main.cpp(439,40): warning C4244: "argument": konwersja z "T" do "float", możliwa utrata danych
          with
          [
              T=unsigned int
          ]
C:\1Programowanie\C++ Projects\semestr4\GFK\lab02\lab02\main.cpp(449,58): warning C4244: "argument": konwersja z "T" do "T", możliwa utrata danych
          with
          [
              T=unsigned int
          ]
          and
          [
              T=float
          ]
C:\1Programowanie\C++ Projects\semestr4\GFK\lab02\lab02\main.cpp(450,58): warning C4244: "argument": konwersja z "T" do "T", możliwa utrata danych
          with
          [
              T=unsigned int
          ]
          and
          [
              T=float
          ]
C:\1Programowanie\C++ Projects\semestr4\GFK\lab02\lab02\main.cpp(452,83): warning C4244: "argument": konwersja z "T" do "T", możliwa utrata danych
          with
          [
              T=unsigned int
          ]
          and
          [
              T=float
          ]
C:\1Programowanie\C++ Projects\semestr4\GFK\lab02\lab02\main.cpp(452,58): warning C4244: "argument": konwersja z "T" do "T", możliwa utrata danych
          with
          [
              T=unsigned int
          ]
          and
          [
              T=float
          ]
C:\1Programowanie\C++ Projects\semestr4\GFK\lab02\lab02\main.cpp(453,84): warning C4244: "argument": konwersja z "T" do "T", możliwa utrata danych
          with
          [
              T=unsigned int
          ]
          and
          [
              T=float
          ]
C:\1Programowanie\C++ Projects\semestr4\GFK\lab02\lab02\main.cpp(453,58): warning C4244: "argument": konwersja z "T" do "T", możliwa utrata danych
          with
          [
              T=unsigned int
          ]
          and
          [
              T=float
          ]
C:\1Programowanie\C++ Projects\semestr4\GFK\lab02\lab02\main.cpp(463,87): warning C4244: "argument": konwersja z "T" do "T", możliwa utrata danych
          with
          [
              T=unsigned int
          ]
          and
          [
              T=float
          ]
C:\1Programowanie\C++ Projects\semestr4\GFK\lab02\lab02\main.cpp(463,61): warning C4244: "argument": konwersja z "T" do "T", możliwa utrata danych
          with
          [
              T=unsigned int
          ]
          and
          [
              T=float
          ]
C:\1Programowanie\C++ Projects\semestr4\GFK\lab02\lab02\main.cpp(464,87): warning C4244: "argument": konwersja z "T" do "T", możliwa utrata danych
          with
          [
              T=unsigned int
          ]
          and
          [
              T=float
          ]
C:\1Programowanie\C++ Projects\semestr4\GFK\lab02\lab02\main.cpp(464,61): warning C4244: "argument": konwersja z "T" do "T", możliwa utrata danych
          with
          [
              T=unsigned int
          ]
          and
          [
              T=float
          ]
C:\1Programowanie\C++ Projects\semestr4\GFK\lab02\lab02\main.cpp(465,87): warning C4244: "argument": konwersja z "T" do "T", możliwa utrata danych
          with
          [
              T=unsigned int
          ]
          and
          [
              T=float
          ]
C:\1Programowanie\C++ Projects\semestr4\GFK\lab02\lab02\main.cpp(465,61): warning C4244: "argument": konwersja z "T" do "T", możliwa utrata danych
          with
          [
              T=unsigned int
          ]
          and
          [
              T=float
          ]
C:\1Programowanie\C++ Projects\semestr4\GFK\lab02\lab02\main.cpp(467,86): warning C4244: "argument": konwersja z "T" do "T", możliwa utrata danych
          with
          [
              T=unsigned int
          ]
          and
          [
              T=float
          ]
C:\1Programowanie\C++ Projects\semestr4\GFK\lab02\lab02\main.cpp(467,61): warning C4244: "argument": konwersja z "T" do "T", możliwa utrata danych
          with
          [
              T=unsigned int
          ]
          and
          [
              T=float
          ]
C:\1Programowanie\C++ Projects\semestr4\GFK\lab02\lab02\main.cpp(468,86): warning C4244: "argument": konwersja z "T" do "T", możliwa utrata danych
          with
          [
              T=unsigned int
          ]
          and
          [
              T=float
          ]
C:\1Programowanie\C++ Projects\semestr4\GFK\lab02\lab02\main.cpp(468,61): warning C4244: "argument": konwersja z "T" do "T", możliwa utrata danych
          with
          [
              T=unsigned int
          ]
          and
          [
              T=float
          ]
C:\1Programowanie\C++ Projects\semestr4\GFK\lab02\lab02\main.cpp(469,86): warning C4244: "argument": konwersja z "T" do "T", możliwa utrata danych
          with
          [
              T=unsigned int
          ]
          and
          [
              T=float
          ]
C:\1Programowanie\C++ Projects\semestr4\GFK\lab02\lab02\main.cpp(469,61): warning C4244: "argument": konwersja z "T" do "T", możliwa utrata danych
          with
          [
              T=unsigned int
          ]
          and
          [
              T=float
          ]
C:\1Programowanie\C++ Projects\semestr4\GFK\lab02\lab02\main.cpp(492,89): warning C4244: "argument": konwersja z "unsigned int" do "T", możliwa utrata danych
          with
          [
              T=float
          ]
C:\1Programowanie\C++ Projects\semestr4\GFK\lab02\lab02\main.cpp(492,71): warning C4244: "argument": konwersja z "unsigned int" do "T", możliwa utrata danych
          with
          [
              T=float
          ]
C:\1Programowanie\C++ Projects\semestr4\GFK\lab02\lab02\main.cpp(494,120): warning C4244: "argument": konwersja z "unsigned int" do "T", możliwa utrata danych
          with
          [
              T=float
          ]
C:\1Programowanie\C++ Projects\semestr4\GFK\lab02\lab02\main.cpp(494,95): warning C4244: "argument": konwersja z "unsigned int" do "T", możliwa utrata danych
          with
          [
              T=float
          ]
C:\1Programowanie\C++ Projects\semestr4\GFK\lab02\lab02\main.cpp(495,138): warning C4244: "argument": konwersja z "unsigned int" do "T", możliwa utrata danych
          with
          [
              T=float
          ]
C:\1Programowanie\C++ Projects\semestr4\GFK\lab02\lab02\main.cpp(495,113): warning C4244: "argument": konwersja z "unsigned int" do "T", możliwa utrata danych
          with
          [
              T=float
          ]
C:\1Programowanie\C++ Projects\semestr4\GFK\lab02\lab02\main.cpp(495,69): warning C4244: "argument": konwersja z "unsigned int" do "T", możliwa utrata danych
          with
          [
              T=float
          ]
C:\1Programowanie\C++ Projects\semestr4\GFK\lab02\lab02\main.cpp(496,137): warning C4244: "argument": konwersja z "unsigned int" do "T", możliwa utrata danych
          with
          [
              T=float
          ]
C:\1Programowanie\C++ Projects\semestr4\GFK\lab02\lab02\main.cpp(496,112): warning C4244: "argument": konwersja z "unsigned int" do "T", możliwa utrata danych
          with
          [
              T=float
          ]
C:\1Programowanie\C++ Projects\semestr4\GFK\lab02\lab02\main.cpp(496,72): warning C4244: "argument": konwersja z "unsigned int" do "T", możliwa utrata danych
          with
          [
              T=float
          ]
C:\1Programowanie\C++ Projects\semestr4\GFK\lab02\lab02\main.cpp(497,155): warning C4244: "argument": konwersja z "unsigned int" do "T", możliwa utrata danych
          with
          [
              T=float
          ]
C:\1Programowanie\C++ Projects\semestr4\GFK\lab02\lab02\main.cpp(497,130): warning C4244: "argument": konwersja z "unsigned int" do "T", możliwa utrata danych
          with
          [
              T=float
          ]
C:\1Programowanie\C++ Projects\semestr4\GFK\lab02\lab02\main.cpp(497,94): warning C4244: "argument": konwersja z "unsigned int" do "T", możliwa utrata danych
          with
          [
              T=float
          ]
C:\1Programowanie\C++ Projects\semestr4\GFK\lab02\lab02\main.cpp(497,69): warning C4244: "argument": konwersja z "unsigned int" do "T", możliwa utrata danych
          with
          [
              T=float
          ]
C:\1Programowanie\C++ Projects\semestr4\GFK\lab02\lab02\main.cpp(499,89): warning C4244: "argument": konwersja z "unsigned int" do "T", możliwa utrata danych
          with
          [
              T=float
          ]
C:\1Programowanie\C++ Projects\semestr4\GFK\lab02\lab02\main.cpp(499,64): warning C4244: "argument": konwersja z "unsigned int" do "T", możliwa utrata danych
          with
          [
              T=float
          ]
C:\1Programowanie\C++ Projects\semestr4\GFK\lab02\lab02\main.cpp(501,68): warning C4244: "argument": konwersja z "unsigned int" do "T", możliwa utrata danych
          with
          [
              T=float
          ]
C:\1Programowanie\C++ Projects\semestr4\GFK\lab02\lab02\main.cpp(502,68): warning C4244: "argument": konwersja z "unsigned int" do "T", możliwa utrata danych
          with
          [
              T=float
          ]
C:\1Programowanie\C++ Projects\semestr4\GFK\lab02\lab02\main.cpp(503,92): warning C4244: "argument": konwersja z "unsigned int" do "T", możliwa utrata danych
          with
          [
              T=float
          ]
C:\1Programowanie\C++ Projects\semestr4\GFK\lab02\lab02\main.cpp(503,68): warning C4244: "argument": konwersja z "unsigned int" do "T", możliwa utrata danych
          with
          [
              T=float
          ]
C:\1Programowanie\C++ Projects\semestr4\GFK\lab02\lab02\main.cpp(504,93): warning C4244: "argument": konwersja z "unsigned int" do "T", możliwa utrata danych
          with
          [
              T=float
          ]
C:\1Programowanie\C++ Projects\semestr4\GFK\lab02\lab02\main.cpp(504,68): warning C4244: "argument": konwersja z "unsigned int" do "T", możliwa utrata danych
          with
          [
              T=float
          ]
C:\1Programowanie\C++ Projects\semestr4\GFK\lab02\lab02\main.cpp(510,71): warning C4244: "argument": konwersja z "unsigned int" do "T", możliwa utrata danych
          with
          [
              T=float
          ]
C:\1Programowanie\C++ Projects\semestr4\GFK\lab02\lab02\main.cpp(511,71): warning C4244: "argument": konwersja z "unsigned int" do "T", możliwa utrata danych
          with
          [
              T=float
          ]
C:\1Programowanie\C++ Projects\semestr4\GFK\lab02\lab02\main.cpp(512,71): warning C4244: "argument": konwersja z "unsigned int" do "T", możliwa utrata danych
          with
          [
              T=float
          ]
C:\1Programowanie\C++ Projects\semestr4\GFK\lab02\lab02\main.cpp(514,71): warning C4244: "argument": konwersja z "unsigned int" do "T", możliwa utrata danych
          with
          [
              T=float
          ]
C:\1Programowanie\C++ Projects\semestr4\GFK\lab02\lab02\main.cpp(515,71): warning C4244: "argument": konwersja z "unsigned int" do "T", możliwa utrata danych
          with
          [
              T=float
          ]
C:\1Programowanie\C++ Projects\semestr4\GFK\lab02\lab02\main.cpp(516,71): warning C4244: "argument": konwersja z "unsigned int" do "T", możliwa utrata danych
          with
          [
              T=float
          ]
C:\1Programowanie\C++ Projects\semestr4\GFK\lab02\lab02\main.cpp(525,101): warning C4244: "argument": konwersja z "int" do "T", możliwa utrata danych
          with
          [
              T=float
          ]
C:\1Programowanie\C++ Projects\semestr4\GFK\lab02\lab02\main.cpp(525,77): warning C4244: "argument": konwersja z "T" do "T", możliwa utrata danych
          with
          [
              T=unsigned int
          ]
          and
          [
              T=float
          ]
C:\1Programowanie\C++ Projects\semestr4\GFK\lab02\lab02\main.cpp(526,104): warning C4244: "argument": konwersja z "int" do "T", możliwa utrata danych
          with
          [
              T=float
          ]
C:\1Programowanie\C++ Projects\semestr4\GFK\lab02\lab02\main.cpp(526,77): warning C4244: "argument": konwersja z "T" do "T", możliwa utrata danych
          with
          [
              T=unsigned int
          ]
          and
          [
              T=float
          ]
C:\1Programowanie\C++ Projects\semestr4\GFK\lab02\lab02\main.cpp(527,104): warning C4244: "argument": konwersja z "int" do "T", możliwa utrata danych
          with
          [
              T=float
          ]
C:\1Programowanie\C++ Projects\semestr4\GFK\lab02\lab02\main.cpp(527,77): warning C4244: "argument": konwersja z "T" do "T", możliwa utrata danych
          with
          [
              T=unsigned int
          ]
          and
          [
              T=float
          ]
C:\1Programowanie\C++ Projects\semestr4\GFK\lab02\lab02\main.cpp(529,100): warning C4244: "argument": konwersja z "int" do "T", możliwa utrata danych
          with
          [
              T=float
          ]
C:\1Programowanie\C++ Projects\semestr4\GFK\lab02\lab02\main.cpp(529,77): warning C4244: "argument": konwersja z "T" do "T", możliwa utrata danych
          with
          [
              T=unsigned int
          ]
          and
          [
              T=float
          ]
C:\1Programowanie\C++ Projects\semestr4\GFK\lab02\lab02\main.cpp(530,103): warning C4244: "argument": konwersja z "int" do "T", możliwa utrata danych
          with
          [
              T=float
          ]
C:\1Programowanie\C++ Projects\semestr4\GFK\lab02\lab02\main.cpp(530,77): warning C4244: "argument": konwersja z "T" do "T", możliwa utrata danych
          with
          [
              T=unsigned int
          ]
          and
          [
              T=float
          ]
C:\1Programowanie\C++ Projects\semestr4\GFK\lab02\lab02\main.cpp(531,103): warning C4244: "argument": konwersja z "int" do "T", możliwa utrata danych
          with
          [
              T=float
          ]
C:\1Programowanie\C++ Projects\semestr4\GFK\lab02\lab02\main.cpp(531,77): warning C4244: "argument": konwersja z "T" do "T", możliwa utrata danych
          with
          [
              T=unsigned int
          ]
          and
          [
              T=float
          ]
  Trwa generowanie kodu
  1 of 224 functions ( 0.4%) were compiled, the rest were copied from previous compilation.
    0 functions were new in current compilation
    0 functions had inline decision re-evaluated but remain unchanged
  Zakończono generowanie kodu
  lab02.vcxproj -> C:\1Programowanie\C++ Projects\semestr4\GFK\lab02\x64\Release\lab02.exe
